{"uid":"4f7c8ddcad7c3920","name":"Заказ пользователя в Ленте заказов","fullName":"tests.test_order_feed.TestOrderFeed#test_user_order_in_feed","historyId":"513a7530e8deb758f123ec40ad040e98","time":{"start":1707163182097,"stop":1707163194474,"duration":12377},"status":"broken","statusMessage":"selenium.common.exceptions.NoSuchElementException: Message: no such element: Unable to locate element: {\"method\":\"xpath\",\"selector\":\".//*[@class=\"OrderHistory_textBox__3lgbs mb-6\"]/p[@class=\"text text_type_digits-default\" and contains(text(), \"#09999\")]\"}\n  (Session info: chrome=115.0.5790.170); For documentation on this error, please visit: https://www.selenium.dev/documentation/webdriver/troubleshooting/errors#no-such-element-exception\nStacktrace:\n0   chromedriver                        0x00000001046d2a6c chromedriver + 4303468\n1   chromedriver                        0x00000001046cb198 chromedriver + 4272536\n2   chromedriver                        0x00000001042ff594 chromedriver + 292244\n3   chromedriver                        0x000000010433c8fc chromedriver + 542972\n4   chromedriver                        0x0000000104375628 chromedriver + 775720\n5   chromedriver                        0x0000000104330b40 chromedriver + 494400\n6   chromedriver                        0x0000000104331988 chromedriver + 498056\n7   chromedriver                        0x0000000104693924 chromedriver + 4045092\n8   chromedriver                        0x0000000104697e68 chromedriver + 4062824\n9   chromedriver                        0x000000010469e088 chromedriver + 4087944\n10  chromedriver                        0x000000010469896c chromedriver + 4065644\n11  chromedriver                        0x0000000104670e64 chromedriver + 3903076\n12  chromedriver                        0x00000001046b455c chromedriver + 4179292\n13  chromedriver                        0x00000001046b46b4 chromedriver + 4179636\n14  chromedriver                        0x00000001046c4978 chromedriver + 4245880\n15  libsystem_pthread.dylib             0x000000018c2c6034 _pthread_start + 136\n16  libsystem_pthread.dylib             0x000000018c2c0e3c thread_start + 8","statusTrace":"self = <test_order_feed.TestOrderFeed object at 0x1049381d0>\n\n    @allure.title('Заказ пользователя в Ленте заказов')\n    def test_user_order_in_feed(self):\n        page = ConstructorPage(self.driver)\n        page.follow_page(urls.MAIN_URL)\n        page.wait_clickable(10, c_loc.INGREDIENT)\n        page.make_order(c_loc.INGREDIENT)\n        page.wait_visibility(10, c_loc.CONFIRMATION_POPUP)\n        page.wait_order_number()\n        order_number = '#0' + page.get_text(c_loc.ORDER_NUMBER)\n        page.minimize_order_popup()\n        page.click_feed_button()\n        page.wait_visibility(10, f_loc.DONE_ALL)\n>       assert page.driver.find_element(*(f_loc.order_number_in_feed(order_number))), \\\n            'созданного заказа нет в ленте'\n\ntests/test_order_feed.py:34: \n_ _ _ _ _ _ _ _ _ _ _ _ _ _ _ _ _ _ _ _ _ _ _ _ _ _ _ _ _ _ _ _ _ _ _ _ _ _ _ _ _ _ _ _ _ _ _ _ _ _ _ _ _ _ _ _ _ _ _ _ _ _ _ _ _ _ _ _ _ _ _ _ _ _ _ _ _ _ _ _ _ _ _ _\n/Library/Frameworks/Python.framework/Versions/3.11/lib/python3.11/site-packages/selenium/webdriver/remote/webdriver.py:741: in find_element\n    return self.execute(Command.FIND_ELEMENT, {\"using\": by, \"value\": value})[\"value\"]\n/Library/Frameworks/Python.framework/Versions/3.11/lib/python3.11/site-packages/selenium/webdriver/remote/webdriver.py:347: in execute\n    self.error_handler.check_response(response)\n_ _ _ _ _ _ _ _ _ _ _ _ _ _ _ _ _ _ _ _ _ _ _ _ _ _ _ _ _ _ _ _ _ _ _ _ _ _ _ _ _ _ _ _ _ _ _ _ _ _ _ _ _ _ _ _ _ _ _ _ _ _ _ _ _ _ _ _ _ _ _ _ _ _ _ _ _ _ _ _ _ _ _ _\n\nself = <selenium.webdriver.remote.errorhandler.ErrorHandler object at 0x104966a10>\nresponse = {'status': 404, 'value': '{\"value\":{\"error\":\"no such element\",\"message\":\"no such element: Unable to locate element: {\\...00018c2c6034 _pthread_start + 136\\\\n16  libsystem_pthread.dylib             0x000000018c2c0e3c thread_start + 8\\\\n\"}}'}\n\n    def check_response(self, response: Dict[str, Any]) -> None:\n        \"\"\"Checks that a JSON response from the WebDriver does not have an\n        error.\n    \n        :Args:\n         - response - The JSON response from the WebDriver server as a dictionary\n           object.\n    \n        :Raises: If the response contains an error message.\n        \"\"\"\n        status = response.get(\"status\", None)\n        if not status or status == ErrorCode.SUCCESS:\n            return\n        value = None\n        message = response.get(\"message\", \"\")\n        screen: str = response.get(\"screen\", \"\")\n        stacktrace = None\n        if isinstance(status, int):\n            value_json = response.get(\"value\", None)\n            if value_json and isinstance(value_json, str):\n                import json\n    \n                try:\n                    value = json.loads(value_json)\n                    if len(value) == 1:\n                        value = value[\"value\"]\n                    status = value.get(\"error\", None)\n                    if not status:\n                        status = value.get(\"status\", ErrorCode.UNKNOWN_ERROR)\n                        message = value.get(\"value\") or value.get(\"message\")\n                        if not isinstance(message, str):\n                            value = message\n                            message = message.get(\"message\")\n                    else:\n                        message = value.get(\"message\", None)\n                except ValueError:\n                    pass\n    \n        exception_class: Type[WebDriverException]\n        e = ErrorCode()\n        error_codes = [item for item in dir(e) if not item.startswith(\"__\")]\n        for error_code in error_codes:\n            error_info = getattr(ErrorCode, error_code)\n            if isinstance(error_info, list) and status in error_info:\n                exception_class = getattr(ExceptionMapping, error_code, WebDriverException)\n                break\n        else:\n            exception_class = WebDriverException\n    \n        if not value:\n            value = response[\"value\"]\n        if isinstance(value, str):\n            raise exception_class(value)\n        if message == \"\" and \"message\" in value:\n            message = value[\"message\"]\n    \n        screen = None  # type: ignore[assignment]\n        if \"screen\" in value:\n            screen = value[\"screen\"]\n    \n        stacktrace = None\n        st_value = value.get(\"stackTrace\") or value.get(\"stacktrace\")\n        if st_value:\n            if isinstance(st_value, str):\n                stacktrace = st_value.split(\"\\n\")\n            else:\n                stacktrace = []\n                try:\n                    for frame in st_value:\n                        line = frame.get(\"lineNumber\", \"\")\n                        file = frame.get(\"fileName\", \"<anonymous>\")\n                        if line:\n                            file = f\"{file}:{line}\"\n                        meth = frame.get(\"methodName\", \"<anonymous>\")\n                        if \"className\" in frame:\n                            meth = f\"{frame['className']}.{meth}\"\n                        msg = \"    at %s (%s)\"\n                        msg = msg % (meth, file)\n                        stacktrace.append(msg)\n                except TypeError:\n                    pass\n        if exception_class == UnexpectedAlertPresentException:\n            alert_text = None\n            if \"data\" in value:\n                alert_text = value[\"data\"].get(\"text\")\n            elif \"alert\" in value:\n                alert_text = value[\"alert\"].get(\"text\")\n            raise exception_class(message, screen, stacktrace, alert_text)  # type: ignore[call-arg]  # mypy is not smart enough here\n>       raise exception_class(message, screen, stacktrace)\nE       selenium.common.exceptions.NoSuchElementException: Message: no such element: Unable to locate element: {\"method\":\"xpath\",\"selector\":\".//*[@class=\"OrderHistory_textBox__3lgbs mb-6\"]/p[@class=\"text text_type_digits-default\" and contains(text(), \"#09999\")]\"}\nE         (Session info: chrome=115.0.5790.170); For documentation on this error, please visit: https://www.selenium.dev/documentation/webdriver/troubleshooting/errors#no-such-element-exception\nE       Stacktrace:\nE       0   chromedriver                        0x00000001046d2a6c chromedriver + 4303468\nE       1   chromedriver                        0x00000001046cb198 chromedriver + 4272536\nE       2   chromedriver                        0x00000001042ff594 chromedriver + 292244\nE       3   chromedriver                        0x000000010433c8fc chromedriver + 542972\nE       4   chromedriver                        0x0000000104375628 chromedriver + 775720\nE       5   chromedriver                        0x0000000104330b40 chromedriver + 494400\nE       6   chromedriver                        0x0000000104331988 chromedriver + 498056\nE       7   chromedriver                        0x0000000104693924 chromedriver + 4045092\nE       8   chromedriver                        0x0000000104697e68 chromedriver + 4062824\nE       9   chromedriver                        0x000000010469e088 chromedriver + 4087944\nE       10  chromedriver                        0x000000010469896c chromedriver + 4065644\nE       11  chromedriver                        0x0000000104670e64 chromedriver + 3903076\nE       12  chromedriver                        0x00000001046b455c chromedriver + 4179292\nE       13  chromedriver                        0x00000001046b46b4 chromedriver + 4179636\nE       14  chromedriver                        0x00000001046c4978 chromedriver + 4245880\nE       15  libsystem_pthread.dylib             0x000000018c2c6034 _pthread_start + 136\nE       16  libsystem_pthread.dylib             0x000000018c2c0e3c thread_start + 8\n\n/Library/Frameworks/Python.framework/Versions/3.11/lib/python3.11/site-packages/selenium/webdriver/remote/errorhandler.py:229: NoSuchElementException","flaky":false,"newFailed":false,"newBroken":false,"newPassed":false,"retriesCount":0,"retriesStatusChange":false,"beforeStages":[{"name":"driver","time":{"start":1707163177645,"stop":1707163179268,"duration":1623},"status":"passed","steps":[{"name":"Открыть браузер","time":{"start":1707163177646,"stop":1707163179268,"duration":1622},"status":"passed","steps":[],"attachments":[],"parameters":[],"shouldDisplayMessage":false,"stepsCount":0,"attachmentsCount":0,"hasContent":false}],"attachments":[],"parameters":[],"shouldDisplayMessage":false,"stepsCount":1,"attachmentsCount":0,"hasContent":true},{"name":"Создать пользователя","time":{"start":1707163179268,"stop":1707163179575,"duration":307},"status":"passed","steps":[],"attachments":[],"parameters":[],"shouldDisplayMessage":false,"stepsCount":0,"attachmentsCount":0,"hasContent":false},{"name":"auth","time":{"start":1707163179575,"stop":1707163181374,"duration":1799},"status":"passed","steps":[],"attachments":[],"parameters":[],"shouldDisplayMessage":false,"stepsCount":0,"attachmentsCount":0,"hasContent":false}],"testStage":{"status":"broken","statusMessage":"selenium.common.exceptions.NoSuchElementException: Message: no such element: Unable to locate element: {\"method\":\"xpath\",\"selector\":\".//*[@class=\"OrderHistory_textBox__3lgbs mb-6\"]/p[@class=\"text text_type_digits-default\" and contains(text(), \"#09999\")]\"}\n  (Session info: chrome=115.0.5790.170); For documentation on this error, please visit: https://www.selenium.dev/documentation/webdriver/troubleshooting/errors#no-such-element-exception\nStacktrace:\n0   chromedriver                        0x00000001046d2a6c chromedriver + 4303468\n1   chromedriver                        0x00000001046cb198 chromedriver + 4272536\n2   chromedriver                        0x00000001042ff594 chromedriver + 292244\n3   chromedriver                        0x000000010433c8fc chromedriver + 542972\n4   chromedriver                        0x0000000104375628 chromedriver + 775720\n5   chromedriver                        0x0000000104330b40 chromedriver + 494400\n6   chromedriver                        0x0000000104331988 chromedriver + 498056\n7   chromedriver                        0x0000000104693924 chromedriver + 4045092\n8   chromedriver                        0x0000000104697e68 chromedriver + 4062824\n9   chromedriver                        0x000000010469e088 chromedriver + 4087944\n10  chromedriver                        0x000000010469896c chromedriver + 4065644\n11  chromedriver                        0x0000000104670e64 chromedriver + 3903076\n12  chromedriver                        0x00000001046b455c chromedriver + 4179292\n13  chromedriver                        0x00000001046b46b4 chromedriver + 4179636\n14  chromedriver                        0x00000001046c4978 chromedriver + 4245880\n15  libsystem_pthread.dylib             0x000000018c2c6034 _pthread_start + 136\n16  libsystem_pthread.dylib             0x000000018c2c0e3c thread_start + 8","statusTrace":"self = <test_order_feed.TestOrderFeed object at 0x1049381d0>\n\n    @allure.title('Заказ пользователя в Ленте заказов')\n    def test_user_order_in_feed(self):\n        page = ConstructorPage(self.driver)\n        page.follow_page(urls.MAIN_URL)\n        page.wait_clickable(10, c_loc.INGREDIENT)\n        page.make_order(c_loc.INGREDIENT)\n        page.wait_visibility(10, c_loc.CONFIRMATION_POPUP)\n        page.wait_order_number()\n        order_number = '#0' + page.get_text(c_loc.ORDER_NUMBER)\n        page.minimize_order_popup()\n        page.click_feed_button()\n        page.wait_visibility(10, f_loc.DONE_ALL)\n>       assert page.driver.find_element(*(f_loc.order_number_in_feed(order_number))), \\\n            'созданного заказа нет в ленте'\n\ntests/test_order_feed.py:34: \n_ _ _ _ _ _ _ _ _ _ _ _ _ _ _ _ _ _ _ _ _ _ _ _ _ _ _ _ _ _ _ _ _ _ _ _ _ _ _ _ _ _ _ _ _ _ _ _ _ _ _ _ _ _ _ _ _ _ _ _ _ _ _ _ _ _ _ _ _ _ _ _ _ _ _ _ _ _ _ _ _ _ _ _\n/Library/Frameworks/Python.framework/Versions/3.11/lib/python3.11/site-packages/selenium/webdriver/remote/webdriver.py:741: in find_element\n    return self.execute(Command.FIND_ELEMENT, {\"using\": by, \"value\": value})[\"value\"]\n/Library/Frameworks/Python.framework/Versions/3.11/lib/python3.11/site-packages/selenium/webdriver/remote/webdriver.py:347: in execute\n    self.error_handler.check_response(response)\n_ _ _ _ _ _ _ _ _ _ _ _ _ _ _ _ _ _ _ _ _ _ _ _ _ _ _ _ _ _ _ _ _ _ _ _ _ _ _ _ _ _ _ _ _ _ _ _ _ _ _ _ _ _ _ _ _ _ _ _ _ _ _ _ _ _ _ _ _ _ _ _ _ _ _ _ _ _ _ _ _ _ _ _\n\nself = <selenium.webdriver.remote.errorhandler.ErrorHandler object at 0x104966a10>\nresponse = {'status': 404, 'value': '{\"value\":{\"error\":\"no such element\",\"message\":\"no such element: Unable to locate element: {\\...00018c2c6034 _pthread_start + 136\\\\n16  libsystem_pthread.dylib             0x000000018c2c0e3c thread_start + 8\\\\n\"}}'}\n\n    def check_response(self, response: Dict[str, Any]) -> None:\n        \"\"\"Checks that a JSON response from the WebDriver does not have an\n        error.\n    \n        :Args:\n         - response - The JSON response from the WebDriver server as a dictionary\n           object.\n    \n        :Raises: If the response contains an error message.\n        \"\"\"\n        status = response.get(\"status\", None)\n        if not status or status == ErrorCode.SUCCESS:\n            return\n        value = None\n        message = response.get(\"message\", \"\")\n        screen: str = response.get(\"screen\", \"\")\n        stacktrace = None\n        if isinstance(status, int):\n            value_json = response.get(\"value\", None)\n            if value_json and isinstance(value_json, str):\n                import json\n    \n                try:\n                    value = json.loads(value_json)\n                    if len(value) == 1:\n                        value = value[\"value\"]\n                    status = value.get(\"error\", None)\n                    if not status:\n                        status = value.get(\"status\", ErrorCode.UNKNOWN_ERROR)\n                        message = value.get(\"value\") or value.get(\"message\")\n                        if not isinstance(message, str):\n                            value = message\n                            message = message.get(\"message\")\n                    else:\n                        message = value.get(\"message\", None)\n                except ValueError:\n                    pass\n    \n        exception_class: Type[WebDriverException]\n        e = ErrorCode()\n        error_codes = [item for item in dir(e) if not item.startswith(\"__\")]\n        for error_code in error_codes:\n            error_info = getattr(ErrorCode, error_code)\n            if isinstance(error_info, list) and status in error_info:\n                exception_class = getattr(ExceptionMapping, error_code, WebDriverException)\n                break\n        else:\n            exception_class = WebDriverException\n    \n        if not value:\n            value = response[\"value\"]\n        if isinstance(value, str):\n            raise exception_class(value)\n        if message == \"\" and \"message\" in value:\n            message = value[\"message\"]\n    \n        screen = None  # type: ignore[assignment]\n        if \"screen\" in value:\n            screen = value[\"screen\"]\n    \n        stacktrace = None\n        st_value = value.get(\"stackTrace\") or value.get(\"stacktrace\")\n        if st_value:\n            if isinstance(st_value, str):\n                stacktrace = st_value.split(\"\\n\")\n            else:\n                stacktrace = []\n                try:\n                    for frame in st_value:\n                        line = frame.get(\"lineNumber\", \"\")\n                        file = frame.get(\"fileName\", \"<anonymous>\")\n                        if line:\n                            file = f\"{file}:{line}\"\n                        meth = frame.get(\"methodName\", \"<anonymous>\")\n                        if \"className\" in frame:\n                            meth = f\"{frame['className']}.{meth}\"\n                        msg = \"    at %s (%s)\"\n                        msg = msg % (meth, file)\n                        stacktrace.append(msg)\n                except TypeError:\n                    pass\n        if exception_class == UnexpectedAlertPresentException:\n            alert_text = None\n            if \"data\" in value:\n                alert_text = value[\"data\"].get(\"text\")\n            elif \"alert\" in value:\n                alert_text = value[\"alert\"].get(\"text\")\n            raise exception_class(message, screen, stacktrace, alert_text)  # type: ignore[call-arg]  # mypy is not smart enough here\n>       raise exception_class(message, screen, stacktrace)\nE       selenium.common.exceptions.NoSuchElementException: Message: no such element: Unable to locate element: {\"method\":\"xpath\",\"selector\":\".//*[@class=\"OrderHistory_textBox__3lgbs mb-6\"]/p[@class=\"text text_type_digits-default\" and contains(text(), \"#09999\")]\"}\nE         (Session info: chrome=115.0.5790.170); For documentation on this error, please visit: https://www.selenium.dev/documentation/webdriver/troubleshooting/errors#no-such-element-exception\nE       Stacktrace:\nE       0   chromedriver                        0x00000001046d2a6c chromedriver + 4303468\nE       1   chromedriver                        0x00000001046cb198 chromedriver + 4272536\nE       2   chromedriver                        0x00000001042ff594 chromedriver + 292244\nE       3   chromedriver                        0x000000010433c8fc chromedriver + 542972\nE       4   chromedriver                        0x0000000104375628 chromedriver + 775720\nE       5   chromedriver                        0x0000000104330b40 chromedriver + 494400\nE       6   chromedriver                        0x0000000104331988 chromedriver + 498056\nE       7   chromedriver                        0x0000000104693924 chromedriver + 4045092\nE       8   chromedriver                        0x0000000104697e68 chromedriver + 4062824\nE       9   chromedriver                        0x000000010469e088 chromedriver + 4087944\nE       10  chromedriver                        0x000000010469896c chromedriver + 4065644\nE       11  chromedriver                        0x0000000104670e64 chromedriver + 3903076\nE       12  chromedriver                        0x00000001046b455c chromedriver + 4179292\nE       13  chromedriver                        0x00000001046b46b4 chromedriver + 4179636\nE       14  chromedriver                        0x00000001046c4978 chromedriver + 4245880\nE       15  libsystem_pthread.dylib             0x000000018c2c6034 _pthread_start + 136\nE       16  libsystem_pthread.dylib             0x000000018c2c0e3c thread_start + 8\n\n/Library/Frameworks/Python.framework/Versions/3.11/lib/python3.11/site-packages/selenium/webdriver/remote/errorhandler.py:229: NoSuchElementException","steps":[{"name":"Открыть страницу 'https://stellarburgers.nomoreparties.site'","time":{"start":1707163182097,"stop":1707163182209,"duration":112},"status":"passed","steps":[],"attachments":[],"parameters":[{"name":"url","value":"'https://stellarburgers.nomoreparties.site'"}],"shouldDisplayMessage":false,"stepsCount":0,"attachmentsCount":0,"hasContent":true},{"name":"Сделать заказ","time":{"start":1707163182747,"stop":1707163183358,"duration":611},"status":"passed","steps":[{"name":"Добавить ингредиент в заказ","time":{"start":1707163182747,"stop":1707163183297,"duration":550},"status":"passed","steps":[],"attachments":[],"parameters":[{"name":"locator","value":"('xpath', './/ul[@class=\"BurgerIngredients_ingredients__list__2A-mT\"][1]/a[1]')"}],"shouldDisplayMessage":false,"stepsCount":0,"attachmentsCount":0,"hasContent":true},{"name":"Кликнуть \"Оформить заказ\"","time":{"start":1707163183297,"stop":1707163183342,"duration":45},"status":"passed","steps":[],"attachments":[],"parameters":[],"shouldDisplayMessage":false,"stepsCount":0,"attachmentsCount":0,"hasContent":false}],"attachments":[],"parameters":[{"name":"locator","value":"('xpath', './/ul[@class=\"BurgerIngredients_ingredients__list__2A-mT\"][1]/a[1]')"}],"shouldDisplayMessage":false,"stepsCount":2,"attachmentsCount":0,"hasContent":true},{"name":"Свернуть поп-ап заказа (кликнуть на крестик)","time":{"start":1707163193624,"stop":1707163193661,"duration":37},"status":"passed","steps":[],"attachments":[],"parameters":[],"shouldDisplayMessage":false,"stepsCount":0,"attachmentsCount":0,"hasContent":false},{"name":"Кликнуть на кнопку \"Лента заказов\"","time":{"start":1707163193661,"stop":1707163193942,"duration":281},"status":"passed","steps":[],"attachments":[],"parameters":[],"shouldDisplayMessage":false,"stepsCount":0,"attachmentsCount":0,"hasContent":false}],"attachments":[],"parameters":[],"shouldDisplayMessage":true,"stepsCount":6,"attachmentsCount":0,"hasContent":true},"afterStages":[{"name":"Создать пользователя::0","time":{"start":1707163213358,"stop":1707163213794,"duration":436},"status":"passed","steps":[],"attachments":[],"parameters":[],"shouldDisplayMessage":false,"stepsCount":0,"attachmentsCount":0,"hasContent":false},{"name":"driver::0","time":{"start":1707163213796,"stop":1707163213896,"duration":100},"status":"passed","steps":[{"name":"Закрыть браузер","time":{"start":1707163213796,"stop":1707163213896,"duration":100},"status":"passed","steps":[],"attachments":[],"parameters":[],"shouldDisplayMessage":false,"stepsCount":0,"attachmentsCount":0,"hasContent":false}],"attachments":[],"parameters":[],"shouldDisplayMessage":false,"stepsCount":1,"attachmentsCount":0,"hasContent":true}],"labels":[{"name":"suite","value":"Лента заказов)"},{"name":"tag","value":"@pytest.mark.usefixtures('driver', 'auth')"},{"name":"parentSuite","value":"tests"},{"name":"subSuite","value":"TestOrderFeed"},{"name":"host","value":"Air-Sofiya.netis.cc"},{"name":"thread","value":"6327-MainThread"},{"name":"framework","value":"pytest"},{"name":"language","value":"cpython3"},{"name":"package","value":"tests.test_order_feed"},{"name":"resultFormat","value":"allure2"}],"parameters":[],"links":[],"hidden":true,"retry":true,"extra":{"categories":[],"tags":["@pytest.mark.usefixtures('driver', 'auth')"]},"source":"4f7c8ddcad7c3920.json","parameterValues":[]}